<?xml version="1.0" encoding="UTF-8"?>
<testsuite xmlns:xsi="http://www.w3.org/2001/XMLSchema-instance" xsi:noNamespaceSchemaLocation="https://maven.apache.org/surefire/maven-surefire-plugin/xsd/surefire-test-report.xsd" name="org.sofka.AppTest" time="0.042" tests="1" errors="0" skipped="0" failures="0">
  <properties>
    <property name="java.specification.version" value="17"/>
    <property name="sun.jnu.encoding" value="UTF-8"/>
    <property name="java.class.path" value="/Users/nanareyes/Documents/SOFKA U/userAuth/target/test-classes:/Users/nanareyes/Documents/SOFKA U/userAuth/target/classes:/Users/nanareyes/.m2/repository/junit/junit/4.13.2/junit-4.13.2.jar:/Users/nanareyes/.m2/repository/org/hamcrest/hamcrest-core/1.3/hamcrest-core-1.3.jar:/Users/nanareyes/.m2/repository/org/jboss/logging/jboss-logging/3.5.0.Final/jboss-logging-3.5.0.Final.jar:/Users/nanareyes/.m2/repository/org/projectlombok/lombok/1.18.24/lombok-1.18.24.jar:/Users/nanareyes/.m2/repository/mysql/mysql-connector-java/8.0.29/mysql-connector-java-8.0.29.jar:/Users/nanareyes/.m2/repository/com/google/protobuf/protobuf-java/3.19.4/protobuf-java-3.19.4.jar:/Users/nanareyes/.m2/repository/org/webjars/npm/md5/2.3.0/md5-2.3.0.jar:/Users/nanareyes/.m2/repository/org/webjars/npm/charenc/0.0.2/charenc-0.0.2.jar:/Users/nanareyes/.m2/repository/org/webjars/npm/crypt/0.0.2/crypt-0.0.2.jar:/Users/nanareyes/.m2/repository/org/webjars/npm/is-buffer/1.1.6/is-buffer-1.1.6.jar:/Users/nanareyes/.m2/repository/commons-codec/commons-codec/1.15/commons-codec-1.15.jar:"/>
    <property name="java.vm.vendor" value="Oracle Corporation"/>
    <property name="sun.arch.data.model" value="64"/>
    <property name="java.vendor.url" value="https://java.oracle.com/"/>
    <property name="os.name" value="Mac OS X"/>
    <property name="java.vm.specification.version" value="17"/>
    <property name="sun.java.launcher" value="SUN_STANDARD"/>
    <property name="user.country" value="CO"/>
    <property name="sun.boot.library.path" value="/Library/Java/JavaVirtualMachines/jdk-17.0.3.1.jdk/Contents/Home/lib"/>
    <property name="sun.java.command" value="/Users/nanareyes/Documents/SOFKA U/userAuth/target/surefire/surefirebooter340432560019072894.jar /Users/nanareyes/Documents/SOFKA U/userAuth/target/surefire 2022-07-18T23-35-41_114-jvmRun1 surefire13783614534416199007tmp surefire_07465775707758777989tmp"/>
    <property name="http.nonProxyHosts" value="local|*.local|169.254/16|*.169.254/16"/>
    <property name="jdk.debug" value="release"/>
    <property name="surefire.test.class.path" value="/Users/nanareyes/Documents/SOFKA U/userAuth/target/test-classes:/Users/nanareyes/Documents/SOFKA U/userAuth/target/classes:/Users/nanareyes/.m2/repository/junit/junit/4.13.2/junit-4.13.2.jar:/Users/nanareyes/.m2/repository/org/hamcrest/hamcrest-core/1.3/hamcrest-core-1.3.jar:/Users/nanareyes/.m2/repository/org/jboss/logging/jboss-logging/3.5.0.Final/jboss-logging-3.5.0.Final.jar:/Users/nanareyes/.m2/repository/org/projectlombok/lombok/1.18.24/lombok-1.18.24.jar:/Users/nanareyes/.m2/repository/mysql/mysql-connector-java/8.0.29/mysql-connector-java-8.0.29.jar:/Users/nanareyes/.m2/repository/com/google/protobuf/protobuf-java/3.19.4/protobuf-java-3.19.4.jar:/Users/nanareyes/.m2/repository/org/webjars/npm/md5/2.3.0/md5-2.3.0.jar:/Users/nanareyes/.m2/repository/org/webjars/npm/charenc/0.0.2/charenc-0.0.2.jar:/Users/nanareyes/.m2/repository/org/webjars/npm/crypt/0.0.2/crypt-0.0.2.jar:/Users/nanareyes/.m2/repository/org/webjars/npm/is-buffer/1.1.6/is-buffer-1.1.6.jar:/Users/nanareyes/.m2/repository/commons-codec/commons-codec/1.15/commons-codec-1.15.jar:"/>
    <property name="sun.cpu.endian" value="little"/>
    <property name="user.home" value="/Users/nanareyes"/>
    <property name="user.language" value="en"/>
    <property name="java.specification.vendor" value="Oracle Corporation"/>
    <property name="java.version.date" value="2022-04-22"/>
    <property name="java.home" value="/Library/Java/JavaVirtualMachines/jdk-17.0.3.1.jdk/Contents/Home"/>
    <property name="file.separator" value="/"/>
    <property name="basedir" value="/Users/nanareyes/Documents/SOFKA U/userAuth"/>
    <property name="java.vm.compressedOopsMode" value="Zero based"/>
    <property name="line.separator" value="&#10;"/>
    <property name="java.specification.name" value="Java Platform API Specification"/>
    <property name="java.vm.specification.vendor" value="Oracle Corporation"/>
    <property name="surefire.real.class.path" value="/Users/nanareyes/Documents/SOFKA U/userAuth/target/surefire/surefirebooter340432560019072894.jar"/>
    <property name="sun.management.compiler" value="HotSpot 64-Bit Tiered Compilers"/>
    <property name="ftp.nonProxyHosts" value="local|*.local|169.254/16|*.169.254/16"/>
    <property name="java.runtime.version" value="17.0.3.1+2-LTS-6"/>
    <property name="user.name" value="nanareyes"/>
    <property name="path.separator" value=":"/>
    <property name="os.version" value="12.4"/>
    <property name="java.runtime.name" value="Java(TM) SE Runtime Environment"/>
    <property name="file.encoding" value="UTF-8"/>
    <property name="java.vm.name" value="Java HotSpot(TM) 64-Bit Server VM"/>
    <property name="localRepository" value="/Users/nanareyes/.m2/repository"/>
    <property name="java.vendor.url.bug" value="https://bugreport.java.com/bugreport/"/>
    <property name="java.io.tmpdir" value="/var/folders/jv/3143ztg57010l5vtjplgvnjw0000gr/T/"/>
    <property name="java.version" value="17.0.3.1"/>
    <property name="user.dir" value="/Users/nanareyes/Documents/SOFKA U/userAuth"/>
    <property name="os.arch" value="x86_64"/>
    <property name="java.vm.specification.name" value="Java Virtual Machine Specification"/>
    <property name="native.encoding" value="UTF-8"/>
    <property name="java.library.path" value="/Users/nanareyes/Library/Java/Extensions:/Library/Java/Extensions:/Network/Library/Java/Extensions:/System/Library/Java/Extensions:/usr/lib/java:."/>
    <property name="java.vm.info" value="mixed mode, sharing"/>
    <property name="java.vendor" value="Oracle Corporation"/>
    <property name="java.vm.version" value="17.0.3.1+2-LTS-6"/>
    <property name="sun.io.unicode.encoding" value="UnicodeBig"/>
    <property name="socksNonProxyHosts" value="local|*.local|169.254/16|*.169.254/16"/>
    <property name="java.class.version" value="61.0"/>
  </properties>
  <testcase name="shouldAnswerWithTrue" classname="org.sofka.AppTest" time="0.003"/>
</testsuite>